# JRE version: OpenJDK Runtime Environment (21.0+35) (build 21+35-2513)
# Java VM: OpenJDK 64-Bit Server VM (21+35-2513, mixed mode, sharing, tiered, compressed oops, compressed class ptrs, g1 gc, windows-amd64)
GC Precious Log:
 CardTable entry size: 512
 Card Set container configuration: InlinePtr #cards 4 size 8 Array Of Cards #cards 16 size 48 Howl #buckets 8 coarsen threshold 3686 Howl Bitmap #cards 512 size 80 coarsen threshold 460 Card regions per heap region 1 cards per card region 4096
 CPUs: 20 total, 20 available
 Memory: 16053M
 Large Page Support: Disabled
 NUMA Support: Disabled
 Compressed Oops: Enabled (Zero based)
 Heap Region Size: 2M
 Heap Min Capacity: 8M
 Heap Initial Capacity: 252M
 Heap Max Capacity: 4014M
 Pre-touch: Disabled
 Parallel Workers: 15
 Concurrent Workers: 4
 Concurrent Refinement Workers: 15
 Periodic GC: Disabled
Heap:
 garbage-first heap   total 483328K, used 108479K [0x0000000705200000, 0x0000000800000000)
  region size 2048K, 3 young (6144K), 3 survivors (6144K)
 Metaspace       used 15974K, committed 16256K, reserved 1114112K
  class space    used 2146K, committed 2240K, reserved 1048576K
GC Heap History (20 events):
Event: 802.777 GC heap after
{Heap after GC invocations=323 (full 94):
 garbage-first heap   total 59392K, used 23816K [0x0000000705200000, 0x0000000800000000)
  region size 2048K, 0 young (0K), 0 survivors (0K)
 Metaspace       used 15974K, committed 16256K, reserved 1114112K
  class space    used 2146K, committed 2240K, reserved 1048576K
}
Event: 802.818 GC heap before
{Heap before GC invocations=323 (full 94):
 garbage-first heap   total 59392K, used 40200K [0x0000000705200000, 0x0000000800000000)
  region size 2048K, 10 young (20480K), 0 survivors (0K)
 Metaspace       used 15974K, committed 16256K, reserved 1114112K
  class space    used 2146K, committed 2240K, reserved 1048576K
}
Event: 802.825 GC heap after
{Heap after GC invocations=324 (full 94):
 garbage-first heap   total 159744K, used 26622K [0x0000000705200000, 0x0000000800000000)
  region size 2048K, 2 young (4096K), 2 survivors (4096K)
 Metaspace       used 15974K, committed 16256K, reserved 1114112K
  class space    used 2146K, committed 2240K, reserved 1048576K
}
Event: 802.859 GC heap before
{Heap before GC invocations=324 (full 94):
 garbage-first heap   total 159744K, used 96254K [0x0000000705200000, 0x0000000800000000)
  region size 2048K, 15 young (30720K), 2 survivors (4096K)
 Metaspace       used 15974K, committed 16256K, reserved 1114112K
  class space    used 2146K, committed 2240K, reserved 1048576K
}
Event: 802.866 GC heap after
{Heap after GC invocations=325 (full 94):
 garbage-first heap   total 159744K, used 70325K [0x0000000705200000, 0x0000000800000000)
  region size 2048K, 3 young (6144K), 3 survivors (6144K)
 Metaspace       used 15974K, committed 16256K, reserved 1114112K
  class space    used 2146K, committed 2240K, reserved 1048576K
}
Event: 802.870 GC heap before
{Heap before GC invocations=325 (full 94):
 garbage-first heap   total 159744K, used 78517K [0x0000000705200000, 0x0000000800000000)
  region size 2048K, 5 young (10240K), 3 survivors (6144K)
 Metaspace       used 15974K, committed 16256K, reserved 1114112K
  class space    used 2146K, committed 2240K, reserved 1048576K
}
Event: 802.882 GC heap after
{Heap after GC invocations=326 (full 94):
 garbage-first heap   total 159744K, used 77426K [0x0000000705200000, 0x0000000800000000)
  region size 2048K, 3 young (6144K), 3 survivors (6144K)
 Metaspace       used 15974K, committed 16256K, reserved 1114112K
  class space    used 2146K, committed 2240K, reserved 1048576K
}
Event: 802.937 GC heap before
{Heap before GC invocations=327 (full 94):
 garbage-first heap   total 161792K, used 159346K [0x0000000705200000, 0x0000000800000000)
  region size 2048K, 17 young (34816K), 3 survivors (6144K)
 Metaspace       used 15974K, committed 16256K, reserved 1114112K
  class space    used 2146K, committed 2240K, reserved 1048576K
}
Event: 802.964 GC heap after
{Heap after GC invocations=328 (full 94):
 garbage-first heap   total 172032K, used 109466K [0x0000000705200000, 0x0000000800000000)
  region size 2048K, 3 young (6144K), 3 survivors (6144K)
 Metaspace       used 15974K, committed 16256K, reserved 1114112K
  class space    used 2146K, committed 2240K, reserved 1048576K
}
Event: 802.988 GC heap before
{Heap before GC invocations=328 (full 94):
 garbage-first heap   total 192512K, used 191386K [0x0000000705200000, 0x0000000800000000)
  region size 2048K, 11 young (22528K), 3 survivors (6144K)
 Metaspace       used 15974K, committed 16256K, reserved 1114112K
  class space    used 2146K, committed 2240K, reserved 1048576K
}
Event: 803.017 GC heap after
{Heap after GC invocations=329 (full 94):
 garbage-first heap   total 483328K, used 167893K [0x0000000705200000, 0x0000000800000000)
  region size 2048K, 2 young (4096K), 2 survivors (4096K)
 Metaspace       used 15974K, committed 16256K, reserved 1114112K
  class space    used 2146K, committed 2240K, reserved 1048576K
}
Event: 803.039 GC heap before
{Heap before GC invocations=329 (full 94):
 garbage-first heap   total 483328K, used 229333K [0x0000000705200000, 0x0000000800000000)
  region size 2048K, 7 young (14336K), 2 survivors (4096K)
 Metaspace       used 15974K, committed 16256K, reserved 1114112K
  class space    used 2146K, committed 2240K, reserved 1048576K
}
Event: 803.047 GC heap after
{Heap after GC invocations=330 (full 94):
 garbage-first heap   total 483328K, used 210085K [0x0000000705200000, 0x0000000800000000)
  region size 2048K, 3 young (6144K), 3 survivors (6144K)
 Metaspace       used 15974K, committed 16256K, reserved 1114112K
  class space    used 2146K, committed 2240K, reserved 1048576K
}
Event: 803.051 GC heap before
{Heap before GC invocations=330 (full 94):
 garbage-first heap   total 483328K, used 224421K [0x0000000705200000, 0x0000000800000000)
  region size 2048K, 5 young (10240K), 3 survivors (6144K)
 Metaspace       used 15974K, committed 16256K, reserved 1114112K
  class space    used 2146K, committed 2240K, reserved 1048576K
}
Event: 803.059 GC heap after
{Heap after GC invocations=331 (full 94):
 garbage-first heap   total 483328K, used 223002K [0x0000000705200000, 0x0000000800000000)
  region size 2048K, 2 young (4096K), 2 survivors (4096K)
 Metaspace       used 15974K, committed 16256K, reserved 1114112K
  class space    used 2146K, committed 2240K, reserved 1048576K
}
Event: 803.081 GC heap before
{Heap before GC invocations=332 (full 94):
 garbage-first heap   total 225280K, used 108314K [0x0000000705200000, 0x0000000800000000)
  region size 2048K, 6 young (12288K), 2 survivors (4096K)
 Metaspace       used 15974K, committed 16256K, reserved 1114112K
  class space    used 2146K, committed 2240K, reserved 1048576K
}
Event: 803.088 GC heap after
{Heap after GC invocations=333 (full 94):
 garbage-first heap   total 225280K, used 91453K [0x0000000705200000, 0x0000000800000000)
  region size 2048K, 2 young (4096K), 2 survivors (4096K)
 Metaspace       used 15974K, committed 16256K, reserved 1114112K
  class space    used 2146K, committed 2240K, reserved 1048576K
}
Event: 803.093 GC heap before
{Heap before GC invocations=333 (full 94):
 garbage-first heap   total 225280K, used 105789K [0x0000000705200000, 0x0000000800000000)
  region size 2048K, 4 young (8192K), 2 survivors (4096K)
 Metaspace       used 15974K, committed 16256K, reserved 1114112K
  class space    used 2146K, committed 2240K, reserved 1048576K
}
Event: 803.099 GC heap after
{Heap after GC invocations=334 (full 94):
 garbage-first heap   total 225280K, used 104026K [0x0000000705200000, 0x0000000800000000)
  region size 2048K, 3 young (6144K), 3 survivors (6144K)
 Metaspace       used 15974K, committed 16256K, reserved 1114112K
  class space    used 2146K, committed 2240K, reserved 1048576K
}
Event: 803.100 GC heap before
{Heap before GC invocations=334 (full 94):
 garbage-first heap   total 225280K, used 108122K [0x0000000705200000, 0x0000000800000000)
  region size 2048K, 4 young (8192K), 3 survivors (6144K)
 Metaspace       used 15974K, committed 16256K, reserved 1114112K
  class space    used 2146K, committed 2240K, reserved 1048576K
}

