# JRE version: OpenJDK Runtime Environment (21.0+35) (build 21+35-2513)
# Java VM: OpenJDK 64-Bit Server VM (21+35-2513, mixed mode, sharing, tiered, compressed oops, compressed class ptrs, g1 gc, windows-amd64)
GC Precious Log:
 CardTable entry size: 512
 Card Set container configuration: InlinePtr #cards 4 size 8 Array Of Cards #cards 16 size 48 Howl #buckets 8 coarsen threshold 3686 Howl Bitmap #cards 512 size 80 coarsen threshold 460 Card regions per heap region 1 cards per card region 4096
 CPUs: 20 total, 20 available
 Memory: 16053M
 Large Page Support: Disabled
 NUMA Support: Disabled
 Compressed Oops: Enabled (Zero based)
 Heap Region Size: 2M
 Heap Min Capacity: 8M
 Heap Initial Capacity: 252M
 Heap Max Capacity: 4014M
 Pre-touch: Disabled
 Parallel Workers: 15
 Concurrent Workers: 4
 Concurrent Refinement Workers: 15
 Periodic GC: Disabled
Heap:
 garbage-first heap   total 440320K, used 184715K [0x0000000705200000, 0x0000000800000000)
  region size 2048K, 1 young (2048K), 1 survivors (2048K)
 Metaspace       used 15275K, committed 15552K, reserved 1114112K
  class space    used 2097K, committed 2240K, reserved 1048576K
GC Heap History (20 events):
Event: 47.350 GC heap after
{Heap after GC invocations=100 (full 93):
 garbage-first heap   total 55296K, used 23672K [0x0000000705200000, 0x0000000800000000)
  region size 2048K, 0 young (0K), 0 survivors (0K)
 Metaspace       used 15251K, committed 15552K, reserved 1114112K
  class space    used 2097K, committed 2240K, reserved 1048576K
}
Event: 47.350 GC heap before
{Heap before GC invocations=100 (full 93):
 garbage-first heap   total 55296K, used 23672K [0x0000000705200000, 0x0000000800000000)
  region size 2048K, 0 young (0K), 0 survivors (0K)
 Metaspace       used 15251K, committed 15552K, reserved 1114112K
  class space    used 2097K, committed 2240K, reserved 1048576K
}
Event: 47.360 GC heap after
{Heap after GC invocations=101 (full 94):
 garbage-first heap   total 55296K, used 23672K [0x0000000705200000, 0x0000000800000000)
  region size 2048K, 0 young (0K), 0 survivors (0K)
 Metaspace       used 15251K, committed 15552K, reserved 1114112K
  class space    used 2097K, committed 2240K, reserved 1048576K
}
Event: 47.393 GC heap before
{Heap before GC invocations=101 (full 94):
 garbage-first heap   total 55296K, used 38008K [0x0000000705200000, 0x0000000800000000)
  region size 2048K, 9 young (18432K), 0 survivors (0K)
 Metaspace       used 15251K, committed 15552K, reserved 1114112K
  class space    used 2097K, committed 2240K, reserved 1048576K
}
Event: 47.395 GC heap after
{Heap after GC invocations=102 (full 94):
 garbage-first heap   total 157696K, used 26252K [0x0000000705200000, 0x0000000800000000)
  region size 2048K, 2 young (4096K), 2 survivors (4096K)
 Metaspace       used 15251K, committed 15552K, reserved 1114112K
  class space    used 2097K, committed 2240K, reserved 1048576K
}
Event: 47.421 GC heap before
{Heap before GC invocations=102 (full 94):
 garbage-first heap   total 157696K, used 93836K [0x0000000705200000, 0x0000000800000000)
  region size 2048K, 15 young (30720K), 2 survivors (4096K)
 Metaspace       used 15251K, committed 15552K, reserved 1114112K
  class space    used 2097K, committed 2240K, reserved 1048576K
}
Event: 47.428 GC heap after
{Heap after GC invocations=103 (full 94):
 garbage-first heap   total 157696K, used 68138K [0x0000000705200000, 0x0000000800000000)
  region size 2048K, 3 young (6144K), 3 survivors (6144K)
 Metaspace       used 15251K, committed 15552K, reserved 1114112K
  class space    used 2097K, committed 2240K, reserved 1048576K
}
Event: 47.431 GC heap before
{Heap before GC invocations=103 (full 94):
 garbage-first heap   total 157696K, used 76330K [0x0000000705200000, 0x0000000800000000)
  region size 2048K, 5 young (10240K), 3 survivors (6144K)
 Metaspace       used 15251K, committed 15552K, reserved 1114112K
  class space    used 2097K, committed 2240K, reserved 1048576K
}
Event: 47.444 GC heap after
{Heap after GC invocations=104 (full 94):
 garbage-first heap   total 157696K, used 75284K [0x0000000705200000, 0x0000000800000000)
  region size 2048K, 1 young (2048K), 1 survivors (2048K)
 Metaspace       used 15251K, committed 15552K, reserved 1114112K
  class space    used 2097K, committed 2240K, reserved 1048576K
}
Event: 47.493 GC heap before
{Heap before GC invocations=105 (full 94):
 garbage-first heap   total 172032K, used 167444K [0x0000000705200000, 0x0000000800000000)
  region size 2048K, 16 young (32768K), 1 survivors (2048K)
 Metaspace       used 15266K, committed 15552K, reserved 1114112K
  class space    used 2097K, committed 2240K, reserved 1048576K
}
Event: 47.509 GC heap after
{Heap after GC invocations=106 (full 94):
 garbage-first heap   total 180224K, used 115371K [0x0000000705200000, 0x0000000800000000)
  region size 2048K, 4 young (8192K), 4 survivors (8192K)
 Metaspace       used 15266K, committed 15552K, reserved 1114112K
  class space    used 2097K, committed 2240K, reserved 1048576K
}
Event: 47.529 GC heap before
{Heap before GC invocations=106 (full 94):
 garbage-first heap   total 192512K, used 187051K [0x0000000705200000, 0x0000000800000000)
  region size 2048K, 11 young (22528K), 4 survivors (8192K)
 Metaspace       used 15275K, committed 15552K, reserved 1114112K
  class space    used 2097K, committed 2240K, reserved 1048576K
}
Event: 47.557 GC heap after
{Heap after GC invocations=107 (full 94):
 garbage-first heap   total 440320K, used 166088K [0x0000000705200000, 0x0000000800000000)
  region size 2048K, 2 young (4096K), 2 survivors (4096K)
 Metaspace       used 15275K, committed 15552K, reserved 1114112K
  class space    used 2097K, committed 2240K, reserved 1048576K
}
Event: 47.570 GC heap before
{Heap before GC invocations=107 (full 94):
 garbage-first heap   total 440320K, used 205000K [0x0000000705200000, 0x0000000800000000)
  region size 2048K, 6 young (12288K), 2 survivors (4096K)
 Metaspace       used 15275K, committed 15552K, reserved 1114112K
  class space    used 2097K, committed 2240K, reserved 1048576K
}
Event: 47.576 GC heap after
{Heap after GC invocations=108 (full 94):
 garbage-first heap   total 440320K, used 199839K [0x0000000705200000, 0x0000000800000000)
  region size 2048K, 3 young (6144K), 3 survivors (6144K)
 Metaspace       used 15275K, committed 15552K, reserved 1114112K
  class space    used 2097K, committed 2240K, reserved 1048576K
}
Event: 47.626 GC heap before
{Heap before GC invocations=109 (full 94):
 garbage-first heap   total 225280K, used 122015K [0x0000000705200000, 0x0000000800000000)
  region size 2048K, 8 young (16384K), 3 survivors (6144K)
 Metaspace       used 15275K, committed 15552K, reserved 1114112K
  class space    used 2097K, committed 2240K, reserved 1048576K
}
Event: 47.635 GC heap after
{Heap after GC invocations=110 (full 94):
 garbage-first heap   total 225280K, used 101592K [0x0000000705200000, 0x0000000800000000)
  region size 2048K, 1 young (2048K), 1 survivors (2048K)
 Metaspace       used 15275K, committed 15552K, reserved 1114112K
  class space    used 2097K, committed 2240K, reserved 1048576K
}
Event: 47.663 GC heap before
{Heap before GC invocations=110 (full 94):
 garbage-first heap   total 229376K, used 224472K [0x0000000705200000, 0x0000000800000000)
  region size 2048K, 9 young (18432K), 1 survivors (2048K)
 Metaspace       used 15275K, committed 15552K, reserved 1114112K
  class space    used 2097K, committed 2240K, reserved 1048576K
}
Event: 47.675 GC heap after
{Heap after GC invocations=111 (full 94):
 garbage-first heap   total 235520K, used 184361K [0x0000000705200000, 0x0000000800000000)
  region size 2048K, 3 young (6144K), 3 survivors (6144K)
 Metaspace       used 15275K, committed 15552K, reserved 1114112K
  class space    used 2097K, committed 2240K, reserved 1048576K
}
Event: 47.675 GC heap before
{Heap before GC invocations=111 (full 94):
 garbage-first heap   total 235520K, used 184361K [0x0000000705200000, 0x0000000800000000)
  region size 2048K, 4 young (8192K), 3 survivors (6144K)
 Metaspace       used 15275K, committed 15552K, reserved 1114112K
  class space    used 2097K, committed 2240K, reserved 1048576K
}

